<?xml version="1.0" encoding="UTF-8"?>
<!-- Generated by org.testng.reporters.JUnitReportReporter -->
<testsuite hostname="DESKTOP-0JKAJIK" failures="0" tests="14" name="runner.myrunner" time="0.417" errors="0" timestamp="2023-06-27T11:53:16 IST" skipped="0">
  <testcase classname="runner.myrunner" name="runScenario" time="0.112"/>
  <testcase classname="runner.myrunner" name="runScenario" time="0.031"/>
  <testcase classname="runner.myrunner" name="runScenario" time="0.020"/>
  <testcase classname="runner.myrunner" name="runScenario" time="0.042"/>
  <testcase classname="runner.myrunner" name="runScenario" time="0.013"/>
  <testcase classname="runner.myrunner" name="runScenario" time="0.011"/>
  <testcase classname="runner.myrunner" name="runScenario" time="0.031"/>
  <testcase classname="runner.myrunner" name="runScenario" time="0.036"/>
  <testcase classname="runner.myrunner" name="runScenario" time="0.021"/>
  <testcase classname="runner.myrunner" name="runScenario" time="0.027"/>
  <testcase classname="runner.myrunner" name="runScenario" time="0.015"/>
  <testcase classname="runner.myrunner" name="runScenario" time="0.018"/>
  <testcase classname="runner.myrunner" name="runScenario" time="0.018"/>
  <testcase classname="runner.myrunner" name="runScenario" time="0.022"/>
</testsuite> <!-- runner.myrunner -->
